Source.obj : error LNK2001: неразрешенный внешний символ "public: static class sf::RenderStates const sf::RenderStates::Default" (?Default@RenderStates@sf@@2V12@B).
Source.obj : error LNK2001: неразрешенный внешний символ "public: class sf::Time __cdecl sf::Clock::restart(void)" (?restart@Clock@sf@@QEAA?AVTime@2@XZ).
Source.obj : error LNK2001: неразрешенный внешний символ "public: class sf::Time __cdecl sf::Clock::getElapsedTime(void)const " (?getElapsedTime@Clock@sf@@QEBA?AVTime@2@XZ).
Source.obj : error LNK2001: неразрешенный внешний символ "public: __cdecl sf::Clock::Clock(void)" (??0Clock@sf@@QEAA@XZ).
Source.obj : error LNK2001: неразрешенный внешний символ "public: static class sf::Color const sf::Color::White" (?White@Color@sf@@2V12@B).
Source.obj : error LNK2001: неразрешенный внешний символ "public: float __cdecl sf::Time::asSeconds(void)const " (?asSeconds@Time@sf@@QEBAMXZ).
Source.obj : error LNK2001: неразрешенный внешний символ "public: __cdecl sf::Time::Time(void)" (??0Time@sf@@QEAA@XZ).
Source.obj : error LNK2001: неразрешенный внешний символ "public: void __cdecl sf::Transformable::setScale(float,float)" (?setScale@Transformable@sf@@QEAAXMM@Z).
Source.obj : error LNK2001: неразрешенный внешний символ "public: void __cdecl sf::Transformable::setPosition(float,float)" (?setPosition@Transformable@sf@@QEAAXMM@Z).
Source.obj : error LNK2001: неразрешенный внешний символ "public: virtual __cdecl sf::Transformable::~Transformable(void)" (??1Transformable@sf@@UEAA@XZ).
Source.obj : error LNK2001: неразрешенный внешний символ "public: void __cdecl sf::View::zoom(float)" (?zoom@View@sf@@QEAAXM@Z).
Source.obj : error LNK2001: неразрешенный внешний символ "public: void __cdecl sf::View::setCenter(float,float)" (?setCenter@View@sf@@QEAAXMM@Z).
Source.obj : error LNK2001: неразрешенный внешний символ "public: __cdecl sf::View::View(void)" (??0View@sf@@QEAA@XZ).
Source.obj : error LNK2001: неразрешенный внешний символ "public: __cdecl sf::View::View(class sf::Vector2<float> const &,class sf::Vector2<float> const &)" (??0View@sf@@QEAA@AEBV?$Vector2@M@1@0@Z).
Source.obj : error LNK2001: неразрешенный внешний символ "public: class sf::Vector2<unsigned int> __cdecl sf::Texture::getSize(void)const " (?getSize@Texture@sf@@QEBA?AV?$Vector2@I@2@XZ).
Source.obj : error LNK2001: неразрешенный внешний символ "public: bool __cdecl sf::Texture::loadFromImage(class sf::Image const &,class sf::Rect<int> const &)" (?loadFromImage@Texture@sf@@QEAA_NAEBVImage@2@AEBV?$Rect@H@2@@Z).
Source.obj : error LNK2001: неразрешенный внешний символ "public: __cdecl sf::Texture::~Texture(void)" (??1Texture@sf@@QEAA@XZ).
Source.obj : error LNK2001: неразрешенный внешний символ "public: __cdecl sf::Texture::Texture(void)" (??0Texture@sf@@QEAA@XZ).
Source.obj : error LNK2001: неразрешенный внешний символ "public: bool __cdecl sf::Font::loadFromFile(class std::basic_string<char,struct std::char_traits<char>,class std::allocator<char> > const &)" (?loadFromFile@Font@sf@@QEAA_NAEBV?$basic_string@DU?$char_traits@D@std@@V?$allocator@D@2@@std@@@Z).
Source.obj : error LNK2001: неразрешенный внешний символ "public: __cdecl sf::Font::~Font(void)" (??1Font@sf@@QEAA@XZ).
Source.obj : error LNK2001: неразрешенный внешний символ "public: __cdecl sf::Font::Font(void)" (??0Font@sf@@QEAA@XZ).
Source.obj : error LNK2001: неразрешенный внешний символ "public: virtual __cdecl sf::RenderWindow::~RenderWindow(void)" (??1RenderWindow@sf@@UEAA@XZ).
Source.obj : error LNK2001: неразрешенный внешний символ "public: __cdecl sf::RenderWindow::RenderWindow(class sf::VideoMode,class sf::String const &,unsigned int,struct sf::ContextSettings const &)" (??0RenderWindow@sf@@QEAA@VVideoMode@1@AEBVString@1@IAEBUContextSettings@1@@Z).
Source.obj : error LNK2001: неразрешенный внешний символ "public: __cdecl sf::Color::Color(unsigned char,unsigned char,unsigned char,unsigned char)" (??0Color@sf@@QEAA@EEEE@Z).
Source.obj : error LNK2001: неразрешенный внешний символ "public: class sf::Color __cdecl sf::Image::getPixel(unsigned int,unsigned int)const " (?getPixel@Image@sf@@QEBA?AVColor@2@II@Z).
Source.obj : error LNK2001: неразрешенный внешний символ "public: void __cdecl sf::Image::createMaskFromColor(class sf::Color const &,unsigned char)" (?createMaskFromColor@Image@sf@@QEAAXAEBVColor@2@E@Z).
Source.obj : error LNK2001: неразрешенный внешний символ "public: bool __cdecl sf::Image::loadFromFile(class std::basic_string<char,struct std::char_traits<char>,class std::allocator<char> > const &)" (?loadFromFile@Image@sf@@QEAA_NAEBV?$basic_string@DU?$char_traits@D@std@@V?$allocator@D@2@@std@@@Z).
Source.obj : error LNK2001: неразрешенный внешний символ "public: __cdecl sf::Image::~Image(void)" (??1Image@sf@@QEAA@XZ).
Source.obj : error LNK2001: неразрешенный внешний символ "public: __cdecl sf::Image::Image(void)" (??0Image@sf@@QEAA@XZ).
Source.obj : error LNK2001: неразрешенный внешний символ "bool __cdecl sf::operator==(class sf::Color const &,class sf::Color const &)" (??8sf@@YA_NAEBVColor@0@0@Z).
Source.obj : error LNK2001: неразрешенный внешний символ "public: void __cdecl sf::Window::display(void)" (?display@Window@sf@@QEAAXXZ).
Source.obj : error LNK2001: неразрешенный внешний символ "public: void __cdecl sf::Window::setVerticalSyncEnabled(bool)" (?setVerticalSyncEnabled@Window@sf@@QEAAX_N@Z).
Source.obj : error LNK2001: неразрешенный внешний символ "public: void __cdecl sf::Window::setVisible(bool)" (?setVisible@Window@sf@@QEAAX_N@Z).
Source.obj : error LNK2001: неразрешенный внешний символ "public: bool __cdecl sf::Window::pollEvent(class sf::Event &)" (?pollEvent@Window@sf@@QEAA_NAEAVEvent@2@@Z).
Source.obj : error LNK2001: неразрешенный внешний символ "public: bool __cdecl sf::Window::isOpen(void)const " (?isOpen@Window@sf@@QEBA_NXZ).
Source.obj : error LNK2001: неразрешенный внешний символ "public: void __cdecl sf::Window::close(void)" (?close@Window@sf@@QEAAXXZ).
Source.obj : error LNK2001: неразрешенный внешний символ "public: void __cdecl sf::RenderTarget::draw(class sf::Drawable const &,class sf::RenderStates const &)" (?draw@RenderTarget@sf@@QEAAXAEBVDrawable@2@AEBVRenderStates@2@@Z).
Source.obj : error LNK2001: неразрешенный внешний символ "public: void __cdecl sf::RenderTarget::setView(class sf::View const &)" (?setView@RenderTarget@sf@@QEAAXAEBVView@2@@Z).
Source.obj : error LNK2001: неразрешенный внешний символ "public: void __cdecl sf::RenderTarget::clear(class sf::Color const &)" (?clear@RenderTarget@sf@@QEAAXAEBVColor@2@@Z).
Source.obj : error LNK2001: неразрешенный внешний символ "public: class sf::Texture const & __cdecl sf::RenderTexture::getTexture(void)const " (?getTexture@RenderTexture@sf@@QEBAAEBVTexture@2@XZ).
Source.obj : error LNK2001: неразрешенный внешний символ "public: void __cdecl sf::RenderTexture::display(void)" (?display@RenderTexture@sf@@QEAAXXZ).
Source.obj : error LNK2001: неразрешенный внешний символ "public: bool __cdecl sf::RenderTexture::create(unsigned int,unsigned int,struct sf::ContextSettings const &)" (?create@RenderTexture@sf@@QEAA_NIIAEBUContextSettings@2@@Z).
Source.obj : error LNK2001: неразрешенный внешний символ "public: virtual __cdecl sf::RenderTexture::~RenderTexture(void)" (??1RenderTexture@sf@@UEAA@XZ).
Source.obj : error LNK2001: неразрешенный внешний символ "public: __cdecl sf::RenderTexture::RenderTexture(void)" (??0RenderTexture@sf@@QEAA@XZ).
Source.obj : error LNK2001: неразрешенный внешний символ "public: __cdecl sf::String::String(char const *,class std::locale const &)" (??0String@sf@@QEAA@PEBDAEBVlocale@std@@@Z).
Source.obj : error LNK2001: неразрешенный внешний символ "public: __cdecl sf::String::String(class std::basic_string<char,struct std::char_traits<char>,class std::allocator<char> > const &,class std::locale const &)" (??0String@sf@@QEAA@AEBV?$basic_string@DU?$char_traits@D@std@@V?$allocator@D@2@@std@@AEBVlocale@3@@Z).
Source.obj : error LNK2001: неразрешенный внешний символ "public: static class sf::VideoMode __cdecl sf::VideoMode::getDesktopMode(void)" (?getDesktopMode@VideoMode@sf@@SA?AV12@XZ).
Source.obj : error LNK2001: неразрешенный внешний символ "public: __cdecl sf::VideoMode::VideoMode(unsigned int,unsigned int,unsigned int)" (??0VideoMode@sf@@QEAA@III@Z).
Source.obj : error LNK2001: неразрешенный внешний символ "private: virtual void __cdecl sf::Sprite::draw(class sf::RenderTarget &,class sf::RenderStates)const " (?draw@Sprite@sf@@EEBAXAEAVRenderTarget@2@VRenderStates@2@@Z).
Source.obj : error LNK2001: неразрешенный внешний символ "public: void __cdecl sf::Sprite::setColor(class sf::Color const &)" (?setColor@Sprite@sf@@QEAAXAEBVColor@2@@Z).
Source.obj : error LNK2001: неразрешенный внешний символ "public: void __cdecl sf::Sprite::setTexture(class sf::Texture const &,bool)" (?setTexture@Sprite@sf@@QEAAXAEBVTexture@2@_N@Z).
Source.obj : error LNK2001: неразрешенный внешний символ "public: __cdecl sf::Sprite::Sprite(void)" (??0Sprite@sf@@QEAA@XZ).
Source.obj : error LNK2001: неразрешенный внешний символ "public: void __cdecl sf::Text::setCharacterSize(unsigned int)" (?setCharacterSize@Text@sf@@QEAAXI@Z).
Source.obj : error LNK2001: неразрешенный внешний символ "public: void __cdecl sf::Text::setFont(class sf::Font const &)" (?setFont@Text@sf@@QEAAXAEBVFont@2@@Z).
Source.obj : error LNK2001: неразрешенный внешний символ "public: void __cdecl sf::Text::setString(class sf::String const &)" (?setString@Text@sf@@QEAAXAEBVString@2@@Z).
Source.obj : error LNK2001: неразрешенный внешний символ "public: __cdecl sf::Text::Text(void)" (??0Text@sf@@QEAA@XZ).
Source.obj : error LNK2001: неразрешенный внешний символ "public: static class sf::Vector2<int> __cdecl sf::Mouse::getPosition(void)" (?getPosition@Mouse@sf@@SA?AV?$Vector2@H@2@XZ).
D:\VS_programs\De_Velop_jam\x64\Release\De_Velop_jam.exe : fatal error LNK1120: неразрешенных внешних элементов: 57
